{
  "stats": {
    "suites": 1,
    "tests": 1,
    "passes": 1,
    "pending": 0,
    "failures": 0,
    "start": "2025-08-20T06:30:08.088Z",
    "end": "2025-08-20T06:30:17.479Z",
    "duration": 9391,
    "testsRegistered": 1,
    "passPercent": 100,
    "pendingPercent": 0,
    "other": 0,
    "hasOther": false,
    "skipped": 0,
    "hasSkipped": false
  },
  "results": [
    {
      "uuid": "a3cbef81-4795-43ce-828e-da727a30ea10",
      "title": "",
      "fullFile": "cypress\\e2e\\ДЗ21.1\\addCar_expense.cy.js",
      "file": "cypress\\e2e\\ДЗ21.1\\addCar_expense.cy.js",
      "beforeHooks": [],
      "afterHooks": [],
      "tests": [],
      "suites": [
        {
          "uuid": "7e8a41e0-f357-477a-bd1a-af08bd1ed6ee",
          "title": "Garage & Expenses tests",
          "fullFile": "",
          "file": "",
          "beforeHooks": [],
          "afterHooks": [],
          "tests": [
            {
              "title": "Add car, fuel expense",
              "fullTitle": "Garage & Expenses tests Add car, fuel expense",
              "timedOut": null,
              "duration": 9269,
              "state": "passed",
              "speed": "medium",
              "pass": true,
              "fail": false,
              "pending": false,
              "context": null,
              "code": "_HomePage.default.clickSignInButton().typeUserEmail(Cypress.env(\"email\")).typePassword(Cypress.env(\"password\")).clickLoginButton().clickButtonAddcar().clickCarBrandName(\"Audi\").clickCarModelName(\"TT\").clickCarMileage(\"10000\").clickButtonAddcar();\ncy.contains(\"Audi TT\").should(\"exist\");\n_GaragePage.default.clickButtonAddfuelexpense().clearExpenseMileage().clickExpenseMileage(\"20000\").clickAddExpenseLiters(10).clickAddExpenseTotalCost(\"10000\").clickButtonExpenseAddcar();\ncy.contains(\"10000\").should(\"exist\");",
              "err": {},
              "uuid": "eae29009-7acc-4d51-a11e-c374166eac89",
              "parentUUID": "7e8a41e0-f357-477a-bd1a-af08bd1ed6ee",
              "isHook": false,
              "skipped": false
            }
          ],
          "suites": [],
          "passes": [
            "eae29009-7acc-4d51-a11e-c374166eac89"
          ],
          "failures": [],
          "pending": [],
          "skipped": [],
          "duration": 9269,
          "root": false,
          "rootEmpty": false,
          "_timeout": 2000
        }
      ],
      "passes": [],
      "failures": [],
      "pending": [],
      "skipped": [],
      "duration": 0,
      "root": true,
      "rootEmpty": true,
      "_timeout": 2000
    }
  ],
  "meta": {
    "mocha": {
      "version": "7.2.0"
    },
    "mochawesome": {
      "options": {
        "quiet": false,
        "reportFilename": "mochawesome",
        "saveHtml": true,
        "saveJson": true,
        "consoleReporter": "spec",
        "useInlineDiffs": false,
        "code": true
      },
      "version": "7.1.3"
    },
    "marge": {
      "options": {
        "reportDir": "cypress/reports",
        "overwrite": false,
        "html": true,
        "json": true
      },
      "version": "6.2.0"
    }
  }
}